<?xml version="1.0" encoding="UTF-8"?>
<!-- Generated by org.testng.reporters.JUnitXMLReporter -->
<testsuite ignored="0" hostname="DESKTOP-2ILKCN7" failures="2" tests="2" name="Run on FIREFOX" time="59.638" errors="0" timestamp="25 Oct 2021 09:01:37 GMT">
  <testcase classname="com.nopcommerce.login.Level_13_Register_Login_Log_Report" name="Login_01_Register_To_System" time="0.111">
    <failure type="java.lang.NullPointerException" message="Cannot invoke &amp;quot;pageObjects.user.nopCommerce.RegisterPageObject.sleepInSecond(long)&amp;quot; because &amp;quot;this.registerPage&amp;quot; is null">
      <![CDATA[java.lang.NullPointerException: Cannot invoke "pageObjects.user.nopCommerce.RegisterPageObject.sleepInSecond(long)" because "this.registerPage" is null
at com.nopcommerce.login.Level_13_Register_Login_Log_Report.Login_01_Register_To_System(Level_13_Register_Login_Log_Report.java:43)
... Removed 25 stack frames]]>
    </failure>
  </testcase> <!-- Login_01_Register_To_System -->
  <testcase classname="com.nopcommerce.login.Level_13_Register_Login_Log_Report" name="Login_02_Login_To_System" time="45.299">
    <failure type="org.openqa.selenium.TimeoutException" message="Expected condition failed: waiting for visibility of element located by By.xpath: //div[@id=&amp;apos;nivo-slider&amp;apos;] (tried for 30 second(s) with 500 milliseconds interval)">
      <![CDATA[org.openqa.selenium.TimeoutException: Expected condition failed: waiting for visibility of element located by By.xpath: //div[@id='nivo-slider'] (tried for 30 second(s) with 500 milliseconds interval)
at org.openqa.selenium.support.ui.WebDriverWait.timeoutException(WebDriverWait.java:95)
at org.openqa.selenium.support.ui.FluentWait.until(FluentWait.java:272)
at commons.BasePage.waitForElementVisible(BasePage.java:440)
at pageObjects.user.nopCommerce.HomePageObject.isHomePageSliderDisplayed(HomePageObject.java:29)
at com.nopcommerce.login.Level_13_Register_Login_Log_Report.Login_02_Login_To_System(Level_13_Register_Login_Log_Report.java:95)
Caused by: org.openqa.selenium.NoSuchElementException: Unable to locate element: //div[@id='nivo-slider']
For documentation on this error, please visit: https://www.seleniumhq.org/exceptions/no_such_element.html
Build info: version: '3.141.59', revision: 'e82be7d358', time: '2018-11-14T08:25:53'
System info: host: 'DESKTOP-2ILKCN7', ip: '192.168.10.79', os.name: 'Windows 10', os.arch: 'amd64', os.version: '10.0', java.version: '16.0.2'
Driver info: org.openqa.selenium.firefox.FirefoxDriver
Capabilities {acceptInsecureCerts: true, browserName: firefox, browserVersion: 93.0, javascriptEnabled: true, moz:accessibilityChecks: false, moz:buildID: 20210927210923, moz:geckodriverVersion: 0.30.0, moz:headless: false, moz:processID: 2200, moz:profile: C:\Users\ADMIN\AppData\Loca..., moz:shutdownTimeout: 60000, moz:useNonSpecCompliantPointerOrigin: false, moz:webdriverClick: true, pageLoadStrategy: normal, platform: WINDOWS, platformName: WINDOWS, platformVersion: 10.0, proxy: Proxy(), setWindowRect: true, strictFileInteractability: false, timeouts: {implicit: 0, pageLoad: 300000, script: 30000}, unhandledPromptBehavior: dismiss and notify}
Session ID: 169357d2-f750-49c4-9825-41035745d2c3
*** Element info: {Using=xpath, value=//div[@id='nivo-slider']}
at org.openqa.selenium.remote.http.W3CHttpResponseCodec.createException(W3CHttpResponseCodec.java:187)
at org.openqa.selenium.remote.http.W3CHttpResponseCodec.decode(W3CHttpResponseCodec.java:122)
at org.openqa.selenium.remote.http.W3CHttpResponseCodec.decode(W3CHttpResponseCodec.java:49)
at org.openqa.selenium.remote.HttpCommandExecutor.execute(HttpCommandExecutor.java:158)
at org.openqa.selenium.remote.service.DriverCommandExecutor.execute(DriverCommandExecutor.java:83)
at org.openqa.selenium.remote.RemoteWebDriver.execute(RemoteWebDriver.java:552)
at org.openqa.selenium.remote.RemoteWebDriver.findElement(RemoteWebDriver.java:323)
at org.openqa.selenium.remote.RemoteWebDriver.findElementByXPath(RemoteWebDriver.java:428)
at org.openqa.selenium.By$ByXPath.findElement(By.java:353)
at org.openqa.selenium.remote.RemoteWebDriver.findElement(RemoteWebDriver.java:315)
at org.openqa.selenium.support.ui.ExpectedConditions$7.apply(ExpectedConditions.java:205)
at org.openqa.selenium.support.ui.ExpectedConditions$7.apply(ExpectedConditions.java:201)
at org.openqa.selenium.support.ui.FluentWait.until(FluentWait.java:249)
... 28 more
... Removed 30 stack frames]]>
    </failure>
  </testcase> <!-- Login_02_Login_To_System -->
</testsuite> <!-- Run on FIREFOX -->
