<!DOCTYPE html PUBLIC "-//W3C//DTD XHTML 1.1//EN" "http://www.w3.org/TR/xhtml11/DTD/xhtml11.dtd">
<html xmlns="http://www.w3.org/1999/xhtml">
<head>
<meta http-equiv="content-type" content="text/html; charset=UTF-8"/>
<title>TestNG Report</title>
<style type="text/css">table {margin-bottom:10px;border-collapse:collapse;empty-cells:show}th,td {border:1px solid #009;padding:.25em .5em}th {vertical-align:bottom}td {vertical-align:top}table a {font-weight:bold}.stripe td {background-color: #E6EBF9}.num {text-align:right}.passedodd td {background-color: #3F3}.passedeven td {background-color: #0A0}.skippedodd td {background-color: #DDD}.skippedeven td {background-color: #CCC}.failedodd td,.attn {background-color: #F33}.failedeven td,.stripe .attn {background-color: #D00}.stacktrace {white-space:pre;font-family:monospace}.totop {font-size:85%;text-align:center;border-bottom:2px solid #000}.invisible {display:none}</style>
</head>
<body>
<table>
<tr><th>Test</th><th># Passed</th><th># Skipped</th><th># Failed</th><th>Time (ms)</th><th>Included Groups</th><th>Excluded Groups</th></tr>
<tr><th colspan="7">Nop Commerce</th></tr>
<tr><td><a href="#t0">Run on FIREFOX</a></td><td class="num">0</td><td class="num">0</td><td class="num attn">2</td><td class="num">59,638</td><td></td><td></td></tr>
</table>
<table id='summary'><thead><tr><th>Class</th><th>Method</th><th>Start</th><th>Time (ms)</th></tr></thead><tbody><tr><th colspan="4">Nop Commerce</th></tr></tbody><tbody id="t0"><tr><th colspan="4">Run on FIREFOX &#8212; failed</th></tr><tr class="failedeven"><td rowspan="2">com.nopcommerce.login.Level_13_Register_Login_Log_Report</td><td><a href="#m0">Login_01_Register_To_System</a></td><td rowspan="1">1635152451559</td><td rowspan="1">111</td></tr><tr class="failedeven"><td><a href="#m1">Login_02_Login_To_System</a></td><td rowspan="1">1635152451673</td><td rowspan="1">45299</td></tr></tbody>
</table>
<h2>Run on FIREFOX</h2><h3 id="m0">com.nopcommerce.login.Level_13_Register_Login_Log_Report#Login_01_Register_To_System</h3><table class="result"><tr><th>Messages</th></tr><tr><td><div class="messages">[INFO ] [2021-10-25 16:00:51,579] User_01_Register - Step 01: Verify Home page is displayed
<br></div></td></tr><tr><th>Exception</th></tr><tr><td><div class="stacktrace">java.lang.NullPointerException: Cannot invoke &quot;pageObjects.user.nopCommerce.RegisterPageObject.sleepInSecond(long)&quot; because &quot;this.registerPage&quot; is null
	at com.nopcommerce.login.Level_13_Register_Login_Log_Report.Login_01_Register_To_System(Level_13_Register_Login_Log_Report.java:43)
... Removed 25 stack frames</div></td></tr></table><p class="totop"><a href="#summary">back to summary</a></p>
<h3 id="m1">com.nopcommerce.login.Level_13_Register_Login_Log_Report#Login_02_Login_To_System</h3><table class="result"><tr><th>Messages</th></tr><tr><td><div class="messages">[INFO ] [2021-10-25 16:00:51,674] User_02_Login - Step 01: Click to Login link
<br><br/>[INFO ] [2021-10-25 16:00:54,273] User_02_Login - Step 02: Enter to Email textbox with valuetesting66204@gmail.com
<br><br/>[INFO ] [2021-10-25 16:00:54,332] User_02_Login - Step 03: Enter to Password textbox with value123456
<br><br/>[INFO ] [2021-10-25 16:00:54,375] User_02_Login - Step 04: Click to Login button
<br><br/>[INFO ] [2021-10-25 16:00:56,417] User_02_Login - Step 05: Verify Home Page is displayed
<br></div></td></tr><tr><th>Exception</th></tr><tr><td><div class="stacktrace">org.openqa.selenium.TimeoutException: Expected condition failed: waiting for visibility of element located by By.xpath: //div[@id=&apos;nivo-slider&apos;] (tried for 30 second(s) with 500 milliseconds interval)
	at org.openqa.selenium.support.ui.WebDriverWait.timeoutException(WebDriverWait.java:95)
	at org.openqa.selenium.support.ui.FluentWait.until(FluentWait.java:272)
	at commons.BasePage.waitForElementVisible(BasePage.java:440)
	at pageObjects.user.nopCommerce.HomePageObject.isHomePageSliderDisplayed(HomePageObject.java:29)
	at com.nopcommerce.login.Level_13_Register_Login_Log_Report.Login_02_Login_To_System(Level_13_Register_Login_Log_Report.java:95)
Caused by: org.openqa.selenium.NoSuchElementException: Unable to locate element: //div[@id=&apos;nivo-slider&apos;]
For documentation on this error, please visit: https://www.seleniumhq.org/exceptions/no_such_element.html
Build info: version: &apos;3.141.59&apos;, revision: &apos;e82be7d358&apos;, time: &apos;2018-11-14T08:25:53&apos;
System info: host: &apos;DESKTOP-2ILKCN7&apos;, ip: &apos;192.168.10.79&apos;, os.name: &apos;Windows 10&apos;, os.arch: &apos;amd64&apos;, os.version: &apos;10.0&apos;, java.version: &apos;16.0.2&apos;
Driver info: org.openqa.selenium.firefox.FirefoxDriver
Capabilities {acceptInsecureCerts: true, browserName: firefox, browserVersion: 93.0, javascriptEnabled: true, moz:accessibilityChecks: false, moz:buildID: 20210927210923, moz:geckodriverVersion: 0.30.0, moz:headless: false, moz:processID: 2200, moz:profile: C:\Users\ADMIN\AppData\Loca..., moz:shutdownTimeout: 60000, moz:useNonSpecCompliantPointerOrigin: false, moz:webdriverClick: true, pageLoadStrategy: normal, platform: WINDOWS, platformName: WINDOWS, platformVersion: 10.0, proxy: Proxy(), setWindowRect: true, strictFileInteractability: false, timeouts: {implicit: 0, pageLoad: 300000, script: 30000}, unhandledPromptBehavior: dismiss and notify}
Session ID: 169357d2-f750-49c4-9825-41035745d2c3
*** Element info: {Using=xpath, value=//div[@id=&apos;nivo-slider&apos;]}
	at org.openqa.selenium.remote.http.W3CHttpResponseCodec.createException(W3CHttpResponseCodec.java:187)
	at org.openqa.selenium.remote.http.W3CHttpResponseCodec.decode(W3CHttpResponseCodec.java:122)
	at org.openqa.selenium.remote.http.W3CHttpResponseCodec.decode(W3CHttpResponseCodec.java:49)
	at org.openqa.selenium.remote.HttpCommandExecutor.execute(HttpCommandExecutor.java:158)
	at org.openqa.selenium.remote.service.DriverCommandExecutor.execute(DriverCommandExecutor.java:83)
	at org.openqa.selenium.remote.RemoteWebDriver.execute(RemoteWebDriver.java:552)
	at org.openqa.selenium.remote.RemoteWebDriver.findElement(RemoteWebDriver.java:323)
	at org.openqa.selenium.remote.RemoteWebDriver.findElementByXPath(RemoteWebDriver.java:428)
	at org.openqa.selenium.By$ByXPath.findElement(By.java:353)
	at org.openqa.selenium.remote.RemoteWebDriver.findElement(RemoteWebDriver.java:315)
	at org.openqa.selenium.support.ui.ExpectedConditions$7.apply(ExpectedConditions.java:205)
	at org.openqa.selenium.support.ui.ExpectedConditions$7.apply(ExpectedConditions.java:201)
	at org.openqa.selenium.support.ui.FluentWait.until(FluentWait.java:249)
	... 28 more
... Removed 30 stack frames</div></td></tr></table><p class="totop"><a href="#summary">back to summary</a></p>
</body>
</html>
