<?xml version="1.0" encoding="UTF-8"?>
<!-- Generated by org.testng.reporters.JUnitReportReporter -->
<testsuite hostname="DESKTOP-2ILKCN7" failures="0" tests="11" name="com.hrm.employee.Level_16_Live_Coding" time="23.895" errors="1" timestamp="29 Oct 2021 10:51:26 GMT" skipped="0">
  <testcase classname="com.hrm.employee.Level_16_Live_Coding" name="Employee_04_Contact_Details" time="0.000"/>
  <testcase classname="com.hrm.employee.Level_16_Live_Coding" name="Employee_10_Qualifications" time="0.000"/>
  <testcase classname="com.hrm.employee.Level_16_Live_Coding" name="Employee_02_Add_Upload_Avatar" time="0.003"/>
  <testcase classname="com.hrm.employee.Level_16_Live_Coding" name="Employee_05_Emergency_Details" time="0.001"/>
  <testcase classname="com.hrm.employee.Level_16_Live_Coding" name="Employee_11_Search_Employee" time="0.000"/>
  <testcase classname="com.hrm.employee.Level_16_Live_Coding" name="Employee_01_Add_New_Employee" time="23.887">
    <error message="Format specifier &#039;%s&#039;" type="java.util.MissingFormatArgumentException">
      <![CDATA[java.util.MissingFormatArgumentException: Format specifier '%s'
at java.base/java.util.Formatter.format(Formatter.java:2688)
at java.base/java.util.Formatter.format(Formatter.java:2625)
at java.base/java.lang.String.format(String.java:3290)
at commons.BasePage.getDynamicLocator(BasePage.java:139)
at commons.BasePage.getElementSize(BasePage.java:165)
at commons.BasePage.getValueInTableIDAtColumnNameAndRowIndex(BasePage.java:650)
at com.hrm.employee.Level_16_Live_Coding.Employee_01_Add_New_Employee(Level_16_Live_Coding.java:88)
at java.base/jdk.internal.reflect.NativeMethodAccessorImpl.invoke0(Native Method)
at java.base/jdk.internal.reflect.NativeMethodAccessorImpl.invoke(NativeMethodAccessorImpl.java:78)
at java.base/jdk.internal.reflect.DelegatingMethodAccessorImpl.invoke(DelegatingMethodAccessorImpl.java:43)
at java.base/java.lang.reflect.Method.invoke(Method.java:567)
at org.testng.internal.MethodInvocationHelper.invokeMethod(MethodInvocationHelper.java:124)
at org.testng.internal.Invoker.invokeMethod(Invoker.java:583)
at org.testng.internal.Invoker.invokeTestMethod(Invoker.java:719)
at org.testng.internal.Invoker.invokeTestMethods(Invoker.java:989)
at org.testng.internal.TestMethodWorker.invokeTestMethods(TestMethodWorker.java:125)
at org.testng.internal.TestMethodWorker.run(TestMethodWorker.java:109)
at org.testng.TestRunner.privateRun(TestRunner.java:648)
at org.testng.TestRunner.run(TestRunner.java:505)
at org.testng.SuiteRunner.runTest(SuiteRunner.java:455)
at org.testng.SuiteRunner.runSequentially(SuiteRunner.java:450)
at org.testng.SuiteRunner.privateRun(SuiteRunner.java:415)
at org.testng.SuiteRunner.run(SuiteRunner.java:364)
at org.testng.SuiteRunnerWorker.runSuite(SuiteRunnerWorker.java:52)
at org.testng.SuiteRunnerWorker.run(SuiteRunnerWorker.java:84)
at org.testng.TestNG.runSuitesSequentially(TestNG.java:1208)
at org.testng.TestNG.runSuitesLocally(TestNG.java:1137)
at org.testng.TestNG.runSuites(TestNG.java:1049)
at org.testng.TestNG.run(TestNG.java:1017)
at org.testng.remote.AbstractRemoteTestNG.run(AbstractRemoteTestNG.java:115)
at org.testng.remote.RemoteTestNG.initAndRun(RemoteTestNG.java:251)
at org.testng.remote.RemoteTestNG.main(RemoteTestNG.java:77)
]]>
    </error>
  </testcase> <!-- Employee_01_Add_New_Employee -->
  <testcase classname="com.hrm.employee.Level_16_Live_Coding" name="Employee_07_Edit_View_Job" time="0.001"/>
  <testcase classname="com.hrm.employee.Level_16_Live_Coding" name="Employee_08_Edit_View_Salary" time="0.000"/>
  <testcase classname="com.hrm.employee.Level_16_Live_Coding" name="Employee_06_Assigned_Dependents" time="0.001"/>
  <testcase classname="com.hrm.employee.Level_16_Live_Coding" name="Employee_03_Personal_Details" time="0.001"/>
  <testcase classname="com.hrm.employee.Level_16_Live_Coding" name="Employee_09_Edit_View_Tax" time="0.001"/>
</testsuite> <!-- com.hrm.employee.Level_16_Live_Coding -->
